#
# There is insufficient memory for the Java Runtime Environment to continue.
# Native memory allocation (mmap) failed to map 266338304 bytes for G1 virtual space
# Possible reasons:
#   The system is out of physical RAM or swap space
#   The process is running with CompressedOops enabled, and the Java Heap may be blocking the growth of the native heap
# Possible solutions:
#   Reduce memory load on the system
#   Increase physical memory or swap space
#   Check if swap backing store is full
#   Decrease Java heap size (-Xmx/-Xms)
#   Decrease number of Java threads
#   Decrease Java thread stack sizes (-Xss)
#   Set larger code cache with -XX:ReservedCodeCacheSize=
#   JVM is running with Zero Based Compressed Oops mode in which the Java heap is
#     placed in the first 32GB address space. The Java Heap base address is the
#     maximum limit for the native heap growth. Please use -XX:HeapBaseMinAddress
#     to set the Java Heap base and to place the Java Heap above 32GB virtual address.
# This output file may be truncated or incomplete.
#
#  Out of Memory Error (os_windows.cpp:3528), pid=5520, tid=4664
#
# JRE version:  (20.0.1+9) (build )
# Java VM: Java HotSpot(TM) 64-Bit Server VM (20.0.1+9-29, mixed mode, sharing, tiered, compressed oops, compressed class ptrs, g1 gc, windows-amd64)
# No core dump will be written. Minidumps are not enabled by default on client versions of Windows
#

---------------  S U M M A R Y ------------

Command Line: -Dfile.encoding=UTF-8 com.swanmusic.ui.Main

Host: Intel(R) Core(TM) i5-8300H CPU @ 2.30GHz, 8 cores, 15G,  Windows 10 , 64 bit Build 19041 (10.0.19041.3636)
Time: Sun Apr  7 19:42:46 2024 SE Asia Standard Time elapsed time: 0.160818 seconds (0d 0h 0m 0s)

---------------  T H R E A D  ---------------

Current thread (0x00000230217503f0):  JavaThread "Unknown thread" [_thread_in_vm, id=4664, stack(0x0000009f5f600000,0x0000009f5f700000)]

Stack: [0x0000009f5f600000,0x0000009f5f700000]
Native frames: (J=compiled Java code, j=interpreted, Vv=VM code, C=native code)
V  [jvm.dll+0x6bb95a]
V  [jvm.dll+0x8485fa]
V  [jvm.dll+0x84a1f5]
V  [jvm.dll+0x84a8f3]
V  [jvm.dll+0x280b0f]
V  [jvm.dll+0x6b86e9]
V  [jvm.dll+0x6ad2da]
V  [jvm.dll+0x35adf5]
V  [jvm.dll+0x363016]
V  [jvm.dll+0x3b3b3e]
V  [jvm.dll+0x3b3dc5]
V  [jvm.dll+0x32b50a]
V  [jvm.dll+0x32c32b]
V  [jvm.dll+0x8112bf]
V  [jvm.dll+0x3c0d91]
V  [jvm.dll+0x7fcfe3]
V  [jvm.dll+0x44c76f]
V  [jvm.dll+0x44e0e1]
C  [jli.dll+0x5287]
C  [ucrtbase.dll+0x21bb2]
C  [KERNEL32.DLL+0x17344]
C  [ntdll.dll+0x526b1]


---------------  P R O C E S S  ---------------

Threads class SMR info:
_java_thread_list=0x00007ffe694fa098, length=0, elements={
}

Java Threads: ( => current thread )

Other Threads:
  0x00000230217c13b0 WorkerThread "GC Thread#0" [stack: 0x0000009f5f700000,0x0000009f5f800000] [id=10152]
  0x00000230217d1f60 ConcurrentGCThread "G1 Main Marker" [stack: 0x0000009f5f800000,0x0000009f5f900000] [id=12632]
  0x00000230217d28a0 WorkerThread "G1 Conc#0" [stack: 0x0000009f5f900000,0x0000009f5fa00000] [id=18480]

[error occurred during error reporting (printing all threads), id 0xc0000005, EXCEPTION_ACCESS_VIOLATION (0xc0000005) at pc=0x00007ffe68cdeb47]
VM state: not at safepoint (not fully initialized)

VM Mutex/Monitor currently owned by a thread:  ([mutex/lock_event])
[0x000002302174bca0] Heap_lock - owner thread: 0x00000230217503f0

Heap address: 0x0000000702600000, size: 4058 MB, Compressed Oops mode: Zero based, Oop shift amount: 3

CDS archive(s) mapped at: [0x0000000000000000-0x0000000000000000-0x0000000000000000), size 0, SharedBaseAddress: 0x0000000800000000, ArchiveRelocationMode: 0.
Narrow klass base: 0x0000000000000000, Narrow klass shift: 0, Narrow klass range: 0x0

GC Precious Log:
 CardTable entry size: 512
 Card Set container configuration: InlinePtr #cards 4 size 8 Array Of Cards #cards 16 size 48 Howl #buckets 8 coarsen threshold 3686 Howl Bitmap #cards 512 size 80 coarsen threshold 460 Card regions per heap region 1 cards per card region 4096

Heap:
 garbage-first heap   total 0K, used 0K [0x0000000702600000, 0x0000000800000000)
  region size 2048K, 0 young (0K), 0 survivors (0K)

[error occurred during error reporting (printing heap information), id 0xc0000005, EXCEPTION_ACCESS_VIOLATION (0xc0000005) at pc=0x00007ffe690b3c59]
GC Heap History (0 events):
No events

Dll operation events (1 events):
Event: 0.086 Loaded shared library D:\it1702\java\jdk-20.0.1\bin\java.dll

Deoptimization events (0 events):
No events

Classes loaded (0 events):
No events

Classes unloaded (0 events):
No events

Classes redefined (0 events):
No events

Internal exceptions (0 events):
No events

VM Operations (0 events):
No events

Events (0 events):
No events


Dynamic libraries:
0x00007ff6f4510000 - 0x00007ff6f4520000 	D:\it1702\java\jdk-20.0.1\bin\java.exe
0x00007fff026d0000 - 0x00007fff028c8000 	C:\WINDOWS\SYSTEM32\ntdll.dll
0x00007fff01f00000 - 0x00007fff01fbd000 	C:\WINDOWS\System32\KERNEL32.DLL
0x00007fff002b0000 - 0x00007fff005a6000 	C:\WINDOWS\System32\KERNELBASE.dll
0x00007ffeffe00000 - 0x00007ffefff00000 	C:\WINDOWS\System32\ucrtbase.dll
0x00007ffefb410000 - 0x00007ffefb429000 	D:\it1702\java\jdk-20.0.1\bin\jli.dll
0x00007ffeed6a0000 - 0x00007ffeed6bb000 	D:\it1702\java\jdk-20.0.1\bin\VCRUNTIME140.dll
0x00007fff02070000 - 0x00007fff02120000 	C:\WINDOWS\System32\ADVAPI32.dll
0x00007fff01980000 - 0x00007fff01a1e000 	C:\WINDOWS\System32\msvcrt.dll
0x00007fff01ac0000 - 0x00007fff01b60000 	C:\WINDOWS\System32\sechost.dll
0x00007fff01010000 - 0x00007fff01135000 	C:\WINDOWS\System32\RPCRT4.dll
0x00007ffeffdd0000 - 0x00007ffeffdf7000 	C:\WINDOWS\System32\bcrypt.dll
0x00007fff02180000 - 0x00007fff0231e000 	C:\WINDOWS\System32\USER32.dll
0x00007fff005b0000 - 0x00007fff005d2000 	C:\WINDOWS\System32\win32u.dll
0x00007fff01a90000 - 0x00007fff01abb000 	C:\WINDOWS\System32\GDI32.dll
0x00007fff005e0000 - 0x00007fff006f7000 	C:\WINDOWS\System32\gdi32full.dll
0x00007fff00000000 - 0x00007fff0009d000 	C:\WINDOWS\System32\msvcp_win.dll
0x00007ffee9720000 - 0x00007ffee99ba000 	C:\WINDOWS\WinSxS\amd64_microsoft.windows.common-controls_6595b64144ccf1df_6.0.19041.3636_none_60b6a03d71f818d5\COMCTL32.dll
0x00007ffef8590000 - 0x00007ffef859a000 	C:\WINDOWS\SYSTEM32\VERSION.dll
0x00007fff01470000 - 0x00007fff014a2000 	C:\WINDOWS\System32\IMM32.DLL
0x00007ffefa5c0000 - 0x00007ffefa5cc000 	D:\it1702\java\jdk-20.0.1\bin\vcruntime140_1.dll
0x00007ffeccf50000 - 0x00007ffeccfde000 	D:\it1702\java\jdk-20.0.1\bin\msvcp140.dll
0x00007ffe689a0000 - 0x00007ffe69637000 	D:\it1702\java\jdk-20.0.1\bin\server\jvm.dll
0x00007ffefa6e0000 - 0x00007ffefa6e9000 	C:\WINDOWS\SYSTEM32\WSOCK32.dll
0x00007fff01a20000 - 0x00007fff01a8b000 	C:\WINDOWS\System32\WS2_32.dll
0x00007ffef6720000 - 0x00007ffef6747000 	C:\WINDOWS\SYSTEM32\WINMM.dll
0x00007ffefe5c0000 - 0x00007ffefe5d2000 	C:\WINDOWS\SYSTEM32\kernel.appcore.dll
0x00007ffefa370000 - 0x00007ffefa37a000 	D:\it1702\java\jdk-20.0.1\bin\jimage.dll
0x00007ffefe300000 - 0x00007ffefe4e4000 	C:\WINDOWS\SYSTEM32\DBGHELP.DLL
0x00007ffedc690000 - 0x00007ffedc6c4000 	C:\WINDOWS\SYSTEM32\dbgcore.DLL
0x00007ffefff70000 - 0x00007ffeffff2000 	C:\WINDOWS\System32\bcryptPrimitives.dll
0x00007ffee92a0000 - 0x00007ffee92c6000 	D:\it1702\java\jdk-20.0.1\bin\java.dll

dbghelp: loaded successfully - version: 4.0.5 - missing functions: none
symbol engine: initialized successfully - sym options: 0x614 - pdb path: .;D:\it1702\java\jdk-20.0.1\bin;C:\WINDOWS\SYSTEM32;C:\WINDOWS\WinSxS\amd64_microsoft.windows.common-controls_6595b64144ccf1df_6.0.19041.3636_none_60b6a03d71f818d5;D:\it1702\java\jdk-20.0.1\bin\server

VM Arguments:
jvm_args: -Dfile.encoding=UTF-8 
java_command: com.swanmusic.ui.Main
java_class_path (initial): C:\Users\ACER\Documents\NetBeansProjects\new\src\com\swanmusic\file\activation.jar;C:\Users\ACER\Documents\NetBeansProjects\new\src\com\swanmusic\file\javax.mail.jar;C:\Users\ACER\Documents\NetBeansProjects\new\src\com\swanmusic\jars\mssql-jdbc-12.4.0.jre11.jar;C:\Users\ACER\Documents\NetBeansProjects\new\src\com\swanmusic\libary\AbsoluteLayout-RELEASE210.jar;C:\Users\ACER\Documents\NetBeansProjects\new\src\jlayer-1.0.1.jar;C:\Users\ACER\Documents\NetBeansProjects\new\build\classes
Launcher Type: SUN_STANDARD

[Global flags]
     intx CICompilerCount                          = 4                                         {product} {ergonomic}
     uint ConcGCThreads                            = 2                                         {product} {ergonomic}
     uint G1ConcRefinementThreads                  = 8                                         {product} {ergonomic}
   size_t G1HeapRegionSize                         = 2097152                                   {product} {ergonomic}
    uintx GCDrainStackTargetSize                   = 64                                        {product} {ergonomic}
   size_t InitialHeapSize                          = 266338304                                 {product} {ergonomic}
   size_t MarkStackSize                            = 4194304                                   {product} {ergonomic}
   size_t MaxHeapSize                              = 4255121408                                {product} {ergonomic}
   size_t MinHeapDeltaBytes                        = 2097152                                   {product} {ergonomic}
   size_t MinHeapSize                              = 8388608                                   {product} {ergonomic}
    uintx NonNMethodCodeHeapSize                   = 5839372                                {pd product} {ergonomic}
    uintx NonProfiledCodeHeapSize                  = 122909434                              {pd product} {ergonomic}
    uintx ProfiledCodeHeapSize                     = 122909434                              {pd product} {ergonomic}
    uintx ReservedCodeCacheSize                    = 251658240                              {pd product} {ergonomic}
     bool SegmentedCodeCache                       = true                                      {product} {ergonomic}
   size_t SoftMaxHeapSize                          = 4255121408                             {manageable} {ergonomic}
     bool UseCompressedClassPointers               = true                           {product lp64_product} {ergonomic}
     bool UseCompressedOops                        = true                           {product lp64_product} {ergonomic}
     bool UseG1GC                                  = true                                      {product} {ergonomic}
     bool UseLargePagesIndividualAllocation        = false                                  {pd product} {ergonomic}

Logging:
Log output configuration:
 #0: stdout all=warning uptime,level,tags foldmultilines=false
 #1: stderr all=off uptime,level,tags foldmultilines=false

Environment Variables:
JAVA_HOME=C:\Program Files\Eclipse Adoptium\jdk-21.0.1.12-hotspot
PATH=C:\Program Files (x86)\Common Files\Oracle\Java\javapath;C:\Program Files\Eclipse Adoptium\jdk-21.0.1.12-hotspot\bin;C:\Windows\system32;C:\Windows;C:\Windows\System32\Wbem;C:\Windows\System32\WindowsPowerShell\v1.0\;C:\Windows\System32\OpenSSH\;C:\Program Files\NVIDIA Corporation\NVIDIA NvDLISR;C:\Program Files (x86)\NVIDIA Corporation\PhysX\Common;C:\WINDOWS\system32;C:\WINDOWS;C:\WINDOWS\System32\Wbem;C:\WINDOWS\System32\WindowsPowerShell\v1.0\;C:\WINDOWS\System32\OpenSSH\;C:\Program Files (x86)\Microsoft SQL Server\160\Tools\Binn\;C:\Program Files\Microsoft SQL Server\160\Tools\Binn\;C:\Program Files\Microsoft SQL Server\Client SDK\ODBC\170\Tools\Binn\;C:\Program Files\Microsoft SQL Server\160\DTS\Binn\;C:\Program Files (x86)\Microsoft SQL Server\160\DTS\Binn\;C:\Program Files\Azure Data Studio\bin;D:\Git\cmd;C:\WINDOWS\System32;C:\WINDOWS;C:\WINDOWS\system32\Wbem;C:\Program Files\Cloudflare\Cloudflare WARP\;C:\Program Files\MySQL\MySQL Shell 8.0\bin\;C:\Users\ACER\AppData\Local\Microsoft\WindowsApps;C:\Users\ACER\AppData\Local\Programs\Microsoft VS Code\bin;C:\Program Files\Azure Data Studio\bin;c:\xampp\php;C:\Users\ACER\AppData\Local\GitHubDesktop\bin;
USERNAME=ACER
OS=Windows_NT
PROCESSOR_IDENTIFIER=Intel64 Family 6 Model 158 Stepping 10, GenuineIntel
TMP=C:\Users\ACER\AppData\Local\Temp
TEMP=C:\Users\ACER\AppData\Local\Temp




---------------  S Y S T E M  ---------------

OS:
 Windows 10 , 64 bit Build 19041 (10.0.19041.3636)
OS uptime: 0 days 9:21 hours

CPU: total 8 (initial active 8) (4 cores per cpu, 2 threads per core) family 6 model 158 stepping 10 microcode 0xb4, cx8, cmov, fxsr, ht, mmx, 3dnowpref, sse, sse2, sse3, ssse3, sse4.1, sse4.2, popcnt, lzcnt, tsc, tscinvbit, avx, avx2, aes, erms, clmul, bmi1, bmi2, adx, fma, vzeroupper, clflush, clflushopt, rdtscp, f16c

Memory: 4k page, system-wide physical 16226M (1643M free)
TotalPageFile size 31956M (AvailPageFile size 205M)
current process WorkingSet (physical memory assigned to process): 10M, peak: 10M
current process commit charge ("private bytes"): 60M, peak: 314M

vm_info: Java HotSpot(TM) 64-Bit Server VM (20.0.1+9-29) for windows-amd64 JRE (20.0.1+9-29), built on 2023-03-07T13:56:11Z by "mach5one" with MS VC++ 17.1 (VS2022)

END.
